[01:09:25] [main/INFO]: Setting user: ForgeDevName
[01:09:26] [Client thread/INFO]: LWJGL Version: 2.9.1
[01:09:32] [Client thread/INFO]: Reloading ResourceManager: Default, FMLFileResourcePack:Forge Mod Loader, FMLFileResourcePack:Minecraft Forge, FMLFileResourcePack:Medieval War
[01:09:33] [Sound Library Loader/INFO]: Sound engine started
[01:09:35] [Client thread/INFO]: Created: 512x256 textures/blocks-atlas
[01:09:35] [Client thread/INFO]: Created: 256x256 textures/items-atlas
[01:09:35] [Client thread/INFO]: Reloading ResourceManager: Default, FMLFileResourcePack:Forge Mod Loader, FMLFileResourcePack:Minecraft Forge, FMLFileResourcePack:Medieval War
[01:09:35] [Client thread/INFO]: Created: 256x256 textures/items-atlas
[01:09:36] [Client thread/INFO]: Created: 512x256 textures/blocks-atlas
[01:09:37] [Sound Library Loader/INFO]: Sound engine started
[01:09:43] [Server thread/INFO]: Starting integrated minecraft server version 1.7.10
[01:09:43] [Server thread/INFO]: Generating keypair
[01:09:44] [Server thread/INFO]: Preparing start region for level 0
[01:09:45] [Server thread/INFO]: Preparing spawn area: 82%
[01:09:45] [Server thread/INFO]: Changing view distance to 12, from 10
[01:09:46] [Server thread/INFO]: ForgeDevName[local:E:2ef9e966] logged in with entity id 354 at (39.30000001192093, 83.37805221305578, 271.30000001192093)
[01:09:46] [Server thread/INFO]: ForgeDevName joined the game
[01:09:46] [Server thread/INFO]: Saving and pausing game...
[01:09:46] [Server thread/INFO]: Saving chunks for level 'New World'/Overworld
[01:09:46] [Server thread/INFO]: Saving chunks for level 'New World'/Nether
[01:09:47] [Server thread/INFO]: Saving chunks for level 'New World'/The End
[01:10:11] [Server thread/INFO]: Saving and pausing game...
[01:10:11] [Server thread/INFO]: Saving chunks for level 'New World'/Overworld
[01:10:12] [Server thread/INFO]: Saving chunks for level 'New World'/Nether
[01:10:12] [Server thread/INFO]: Saving chunks for level 'New World'/The End
[01:10:12] [Server thread/INFO]: Stopping server
[01:10:12] [Server thread/INFO]: Saving players
[01:10:12] [Server thread/INFO]: Saving worlds
[01:10:12] [Server thread/INFO]: Saving chunks for level 'New World'/Overworld
[01:10:12] [Server thread/INFO]: Saving chunks for level 'New World'/Nether
[01:10:12] [Server thread/INFO]: Saving chunks for level 'New World'/The End
[01:10:13] [Client thread/INFO]: Stopping!
